<?xml version="1.0" encoding="UTF-8"?>
<testng-results ignored="0" total="1" passed="0" failed="1" skipped="0">
  <reporter-output>
  </reporter-output>
  <suite started-at="2023-09-20T17:10:43 IST" name="Default suite" finished-at="2023-09-20T17:11:53 IST" duration-ms="69375">
    <groups>
    </groups>
    <test started-at="2023-09-20T17:10:43 IST" name="Default test" finished-at="2023-09-20T17:11:53 IST" duration-ms="69375">
      <class name="com.testautomation.qa.testSuites.tc_01_AddingAProductToAShoppingCartAndVerifyingItsDetails">
        <test-method is-config="true" signature="setUp()[pri:0, instance:com.testautomation.qa.testSuites.tc_01_AddingAProductToAShoppingCartAndVerifyingItsDetails@6283d8b8]" started-at="2023-09-20T17:10:44 IST" name="setUp" finished-at="2023-09-20T17:11:04 IST" duration-ms="20653" status="PASS">
          <reporter-output>
          </reporter-output>
        </test-method> <!-- setUp -->
        <test-method signature="AddingAProductToAShoppingCartAndVerifyingItsDetails(java.lang.String, java.lang.String, java.lang.String, java.lang.String, java.lang.String, java.lang.String)[pri:0, instance:com.testautomation.qa.testSuites.tc_01_AddingAProductToAShoppingCartAndVerifyingItsDetails@6283d8b8]" started-at="2023-09-20T17:11:04 IST" name="AddingAProductToAShoppingCartAndVerifyingItsDetails" data-provider="readExcel" finished-at="2023-09-20T17:11:52 IST" duration-ms="47316" status="FAIL">
          <params>
            <param index="0">
              <value>
                <![CDATA[Books]]>
              </value>
            </param>
            <param index="1">
              <value>
                <![CDATA[Automation]]>
              </value>
            </param>
            <param index="2">
              <value>
                <![CDATA[4 Stars & Up]]>
              </value>
            </param>
            <param index="3">
              <value>
                <![CDATA[English]]>
              </value>
            </param>
            <param index="4">
              <value>
                <![CDATA[2]]>
              </value>
            </param>
            <param index="5">
              <value>
                <![CDATA[2]]>
              </value>
            </param>
          </params>
          <exception class="java.lang.ArrayIndexOutOfBoundsException">
            <message>
              <![CDATA[Index 1 out of bounds for length 1]]>
            </message>
            <full-stacktrace>
              <![CDATA[java.lang.ArrayIndexOutOfBoundsException: Index 1 out of bounds for length 1
at com.testautomation.qa.buisnessComponents.lib_Common.bc_SelectingACategoryAndSearchingAProduct(lib_Common.java:18)
at com.testautomation.qa.testSuites.tc_01_AddingAProductToAShoppingCartAndVerifyingItsDetails.AddingAProductToAShoppingCartAndVerifyingItsDetails(tc_01_AddingAProductToAShoppingCartAndVerifyingItsDetails.java:52)
at java.base/jdk.internal.reflect.NativeMethodAccessorImpl.invoke0(Native Method)
at java.base/jdk.internal.reflect.NativeMethodAccessorImpl.invoke(NativeMethodAccessorImpl.java:64)
at java.base/jdk.internal.reflect.DelegatingMethodAccessorImpl.invoke(DelegatingMethodAccessorImpl.java:43)
at java.base/java.lang.reflect.Method.invoke(Method.java:564)
at org.testng.internal.MethodInvocationHelper.invokeMethod(MethodInvocationHelper.java:132)
at org.testng.internal.TestInvoker.invokeMethod(TestInvoker.java:599)
at org.testng.internal.TestInvoker.invokeTestMethod(TestInvoker.java:174)
at org.testng.internal.MethodRunner.runInSequence(MethodRunner.java:46)
at org.testng.internal.TestInvoker$MethodInvocationAgent.invoke(TestInvoker.java:822)
at org.testng.internal.TestInvoker.invokeTestMethods(TestInvoker.java:147)
at org.testng.internal.TestMethodWorker.invokeTestMethods(TestMethodWorker.java:146)
at org.testng.internal.TestMethodWorker.run(TestMethodWorker.java:128)
at java.base/java.util.ArrayList.forEach(ArrayList.java:1511)
at org.testng.TestRunner.privateRun(TestRunner.java:764)
at org.testng.TestRunner.run(TestRunner.java:585)
at org.testng.SuiteRunner.runTest(SuiteRunner.java:384)
at org.testng.SuiteRunner.runSequentially(SuiteRunner.java:378)
at org.testng.SuiteRunner.privateRun(SuiteRunner.java:337)
at org.testng.SuiteRunner.run(SuiteRunner.java:286)
at org.testng.SuiteRunnerWorker.runSuite(SuiteRunnerWorker.java:53)
at org.testng.SuiteRunnerWorker.run(SuiteRunnerWorker.java:96)
at org.testng.TestNG.runSuitesSequentially(TestNG.java:1218)
at org.testng.TestNG.runSuitesLocally(TestNG.java:1140)
at org.testng.TestNG.runSuites(TestNG.java:1069)
at org.testng.TestNG.run(TestNG.java:1037)
at org.testng.remote.AbstractRemoteTestNG.run(AbstractRemoteTestNG.java:115)
at org.testng.remote.RemoteTestNG.initAndRun(RemoteTestNG.java:251)
at org.testng.remote.RemoteTestNG.main(RemoteTestNG.java:77)
]]>
            </full-stacktrace>
          </exception> <!-- java.lang.ArrayIndexOutOfBoundsException -->
          <reporter-output>
          </reporter-output>
        </test-method> <!-- AddingAProductToAShoppingCartAndVerifyingItsDetails -->
        <test-method is-config="true" signature="end()[pri:0, instance:com.testautomation.qa.testSuites.tc_01_AddingAProductToAShoppingCartAndVerifyingItsDetails@6283d8b8]" started-at="2023-09-20T17:11:52 IST" name="end" finished-at="2023-09-20T17:11:53 IST" duration-ms="852" status="PASS">
          <reporter-output>
          </reporter-output>
        </test-method> <!-- end -->
      </class> <!-- com.testautomation.qa.testSuites.tc_01_AddingAProductToAShoppingCartAndVerifyingItsDetails -->
    </test> <!-- Default test -->
  </suite> <!-- Default suite -->
</testng-results>
